
/home/runner/work/exp-two-wattmeter-method-iitr/exp-two-wattmeter-method-iitr/experiment/simulation/js/function.js
    6:5    warning  'calculate' is assigned a value but never used  no-unused-vars
   44:5    warning  'VLStar' is assigned a value but never used     no-unused-vars
   45:5    warning  'ILStar' is assigned a value but never used     no-unused-vars
   46:5    warning  'cosStar' is assigned a value but never used    no-unused-vars
   47:5    warning  'powtar' is assigned a value but never used     no-unused-vars
   49:5    warning  'VLDelta' is assigned a value but never used    no-unused-vars
   50:5    warning  'ILDelta' is assigned a value but never used    no-unused-vars
   51:5    warning  'cosDelta' is assigned a value but never used   no-unused-vars
   52:5    warning  'powDelta' is assigned a value but never used   no-unused-vars
   92:18   warning  'jsPlumb' is not defined                        no-undef
  243:1    warning  'VALID_CONNECTIONS' is not defined              no-undef
  432:25   warning  'VALID_CONNECTIONS' is not defined              no-undef
  435:67   warning  'VALID_CONNECTIONS' is not defined              no-undef
  435:146  warning  'VALID_CONNECTIONS' is not defined              no-undef
  441:67   warning  'VALID_CONNECTIONS' is not defined              no-undef
  441:146  warning  'VALID_CONNECTIONS' is not defined              no-undef
  447:67   warning  'VALID_CONNECTIONS' is not defined              no-undef
  447:146  warning  'VALID_CONNECTIONS' is not defined              no-undef
  454:56   warning  'VALID_CONNECTIONS' is not defined              no-undef
  454:90   warning  'VALID_CONNECTIONS' is not defined              no-undef
  454:169  warning  'VALID_CONNECTIONS' is not defined              no-undef
  454:199  warning  'VALID_CONNECTIONS' is not defined              no-undef
  622:5    warning  'verify1' is not defined                        no-undef
  623:5    warning  'verify2' is not defined                        no-undef
  626:10   warning  'disconnect' is defined but never used          no-unused-vars
  631:10   warning  'multiplyStar' is defined but never used        no-unused-vars
  642:10   warning  'multiplyDelta' is defined but never used       no-unused-vars
  704:9    warning  's7' is not defined                             no-undef
  715:9    warning  's7' is not defined                             no-undef
  716:9    warning  's8' is not defined                             no-undef

✖ 30 problems (0 errors, 30 warnings)

